<?xml version="1.0" encoding="UTF-8"?>
<!-- Generated by org.testng.reporters.JUnitReportReporter -->
<testsuite hostname="PIC4347" failures="0" tests="1" name="TestNG_Demo" time="0.004" errors="0" timestamp="2024-03-07T11:59:47 IST" skipped="0">
  <testcase classname="TestNG_Demo" name="firstTestMethod" time="0.004"/>
</testsuite> <!-- TestNG_Demo -->
