<?xml version="1.0" encoding="UTF-8"?>
<!-- Generated by org.testng.reporters.JUnitReportReporter -->
<testsuite hostname="PIC4347" failures="0" tests="2" name="com.test.Test.TestNG_Demo2" time="0.130" errors="0" timestamp="2024-04-01T15:32:47 IST" skipped="0">
  <testcase classname="com.test.Test.TestNG_Demo2" name="firstTestMethod2" time="0.102"/>
  <testcase classname="com.test.Test.TestNG_Demo2" name="secondMethod2" time="0.028"/>
</testsuite> <!-- com.test.Test.TestNG_Demo2 -->
